2015-12-10 11:34:28 - class br.com.drivesales.domain.Branch
2015-12-10 11:34:28 - location
2015-12-10 11:34:28 - position.startIn()0
2015-12-10 11:34:28 - class br.com.drivesales.domain.Sale
2015-12-10 11:34:28 - period
2015-12-10 11:34:28 - position.startIn()1
2015-12-10 11:34:28 - class br.com.drivesales.domain.Sale
2015-12-10 11:34:28 - total
2015-12-10 11:34:28 - position.startIn()2
2015-12-10 11:34:59 - class br.com.drivesales.domain.Sale
2015-12-10 11:34:59 - period
2015-12-10 11:34:59 - position.startIn = 1
2015-12-10 11:34:59 - class br.com.drivesales.domain.Sale
2015-12-10 11:34:59 - total
2015-12-10 11:34:59 - position.startIn = 2
2015-12-10 11:34:59 - class br.com.drivesales.domain.Branch
2015-12-10 11:34:59 - location
2015-12-10 11:34:59 - position.startIn = 0
2015-12-10 11:46:34 - class br.com.drivesales.domain.Sale
2015-12-10 11:46:34 - period
2015-12-10 11:46:34 - position.startIn = 1
2015-12-10 11:46:34 - class br.com.drivesales.domain.Sale
2015-12-10 11:46:34 - total
2015-12-10 11:46:34 - position.startIn = 2
2015-12-10 11:46:34 - class br.com.drivesales.domain.Branch
2015-12-10 11:46:34 - location
2015-12-10 11:46:34 - position.startIn = 0
2015-12-10 12:02:04 - class br.com.drivesales.parsable.template.FilialPeriodoTotalTemplate
2015-12-10 12:02:04 - filial
2015-12-10 12:02:04 - position.startIn = 0
2015-12-10 12:02:04 - class br.com.drivesales.parsable.template.FilialPeriodoTotalTemplate
2015-12-10 12:02:04 - periodo
2015-12-10 12:02:04 - position.startIn = 1
2015-12-10 12:02:04 - class br.com.drivesales.parsable.template.FilialPeriodoTotalTemplate
2015-12-10 12:02:04 - total
2015-12-10 12:02:04 - position.startIn = 2
2015-12-10 12:11:13 - TEMPLATE VALUES: 
2015-12-10 12:11:13 - null
2015-12-10 12:11:13 - null
2015-12-10 12:11:13 - null
2015-12-10 12:13:53 - class br.com.drivesales.parsable.template.FilialPeriodoTotalTemplate
2015-12-10 12:13:53 - filial
2015-12-10 12:13:53 - position.startIn = 0
2015-12-10 12:13:53 - class br.com.drivesales.parsable.template.FilialPeriodoTotalTemplate
2015-12-10 12:13:53 - periodo
2015-12-10 12:13:53 - position.startIn = 1
2015-12-10 12:13:53 - class br.com.drivesales.parsable.template.FilialPeriodoTotalTemplate
2015-12-10 12:13:53 - total
2015-12-10 12:13:53 - position.startIn = 2
2015-12-10 12:13:53 - TEMPLATE VALUES: 
2015-12-10 12:13:53 - null
2015-12-10 12:13:53 - null
2015-12-10 12:13:53 - null
2015-12-10 12:15:42 - class br.com.drivesales.parsable.template.FilialPeriodoTotalTemplate
2015-12-10 12:15:42 - filial
2015-12-10 12:15:42 - position.startIn = 0
2015-12-10 12:15:42 - class br.com.drivesales.parsable.template.FilialPeriodoTotalTemplate
2015-12-10 12:15:42 - periodo
2015-12-10 12:15:42 - position.startIn = 1
2015-12-10 12:15:42 - class br.com.drivesales.parsable.template.FilialPeriodoTotalTemplate
2015-12-10 12:15:42 - total
2015-12-10 12:15:42 - position.startIn = 2
2015-12-10 12:15:42 - TEMPLATE VALUES: 
2015-12-10 12:15:42 - São Paulo
2015-12-10 12:15:42 - Janeiro
2015-12-10 12:15:42 - 14.558,00 
2015-12-10 13:29:42 - TEMPLATE VALUES: 
2015-12-10 13:29:42 - São Paulo
2015-12-10 13:29:42 - Janeiro
2015-12-10 13:29:42 - 14.558,00
2015-12-10 14:00:00 - ENTER parseToEntity
2015-12-10 14:00:00 - Erro ao processar linha: São Paulo	Janeiro	14.558,00 
2015-12-10 14:00:39 - ENTER parseToEntity
2015-12-10 14:00:39 - Erro ao processar linha: 'São Paulo	Janeiro	14.558,00 '
2015-12-10 14:01:33 - ENTER parseToEntity
2015-12-10 14:01:34 - Erro ao processar linha: "São Paulo	Janeiro	14.558,00 "
2015-12-10 14:03:02 - ENTER parseToEntity
2015-12-10 14:03:22 - Error process line: "São Paulo	Janeiro	14.558,00 "
2015-12-10 14:04:33 - ENTER parseToEntity
2015-12-10 14:04:33 - EXIT parseToEntity
2015-12-10 16:23:30 - ENTER shouldReadATextAndFindItsHeadersAndDomain
2015-12-10 16:23:30 - ENTER parseToEntity
2015-12-10 16:23:30 - EXIT parseToEntity
2015-12-10 16:23:30 - 	SUCESS
2015-12-10 16:23:30 - END shouldReadATextAndFindItsHeadersAndDomain
2015-12-10 16:23:30 - ENTER parseToEntity
2015-12-10 16:23:30 - EXIT parseToEntity
2015-12-10 16:23:53 - ENTER shouldReadATextAndFindItsHeadersAndDomain
2015-12-10 16:23:53 - ENTER parseToEntity
2015-12-10 16:23:53 - EXIT parseToEntity
2015-12-10 16:23:53 - 	SUCESS
2015-12-10 16:23:53 - END shouldReadATextAndFindItsHeadersAndDomain
2015-12-10 16:23:53 - ENTER shouldReadATextAndSeparatesItByADelimiter
2015-12-10 16:23:53 - 	FILIAL_PERIODO_TOTAL
2015-12-10 16:23:53 - 	SUCESS
2015-12-10 16:23:53 - END shouldReadATextAndFindItsHeaders
2015-12-10 16:23:53 - ENTER shouldReadATextAndSeparatesItByADelimiter
2015-12-10 16:23:53 - 	Filial
2015-12-10 16:23:53 - 	Periodo
2015-12-10 16:23:53 - 	Total
2015-12-10 16:23:53 - 	END LINE
2015-12-10 16:23:53 - 	São Paulo
2015-12-10 16:23:53 - 	Janeiro
2015-12-10 16:23:53 - 	14.558,00 
2015-12-10 16:23:53 - 	END LINE
2015-12-10 16:23:53 - 	Rio de Janeiro
2015-12-10 16:23:53 - 	Janeiro
2015-12-10 16:23:53 - 	125.635,00 
2015-12-10 16:23:53 - 	END LINE
2015-12-10 16:23:53 - 	Fortaleza
2015-12-10 16:23:53 - 	Janeiro
2015-12-10 16:23:53 - 	8.596,00 
2015-12-10 16:23:53 - 	END LINE
2015-12-10 16:23:53 - 	Goiânia
2015-12-10 16:23:53 - 	Janeiro
2015-12-10 16:23:53 - 	6.565,00 
2015-12-10 16:23:53 - 	END LINE
2015-12-10 16:23:53 - 	Belo Horizonte
2015-12-10 16:23:53 - 	Janeiro
2015-12-10 16:23:53 - 	8.547,00 
2015-12-10 16:23:53 - 	END LINE
2015-12-10 16:23:53 - 	Salvador
2015-12-10 16:23:53 - 	Janeiro
2015-12-10 16:23:53 - 	745,00 
2015-12-10 16:23:53 - 	END LINE
2015-12-10 16:23:53 - 	Brasilia
2015-12-10 16:23:53 - 	Janeiro
2015-12-10 16:23:53 - 	23,00 
2015-12-10 16:23:53 - 	END LINE
2015-12-10 16:23:53 - 	São Paulo
2015-12-10 16:23:53 - 	Fevereiro
2015-12-10 16:23:53 - 	85.744,00 
2015-12-10 16:23:53 - 	END LINE
2015-12-10 16:23:53 - 	Rio de Janeiro
2015-12-10 16:23:53 - 	Fevereiro
2015-12-10 16:23:53 - 	5.255,00 
2015-12-10 16:23:53 - 	END LINE
2015-12-10 16:23:53 - 	Fortaleza
2015-12-10 16:23:53 - 	Fevereiro
2015-12-10 16:23:53 - 	858.854,00 
2015-12-10 16:23:53 - 	END LINE
2015-12-10 16:23:53 - 	Goiânia
2015-12-10 16:23:53 - 	Fevereiro
2015-12-10 16:23:53 - 	6.366,00 
2015-12-10 16:23:53 - 	END LINE
2015-12-10 16:23:53 - 	Belo Horizonte
2015-12-10 16:23:53 - 	Fevereiro
2015-12-10 16:23:53 - 	2.521,00 
2015-12-10 16:23:53 - 	END LINE
2015-12-10 16:23:53 - 	Salvador
2015-12-10 16:23:53 - 	Fevereiro
2015-12-10 16:23:53 - 	88.963,00 
2015-12-10 16:23:53 - 	END LINE
2015-12-10 16:23:53 - 	Brasilia
2015-12-10 16:23:53 - 	Fevereiro
2015-12-10 16:23:53 - 	415.854,00 
2015-12-10 16:23:53 - 	END LINE
2015-12-10 16:23:53 - 	São Paulo
2015-12-10 16:23:53 - 	Março
2015-12-10 16:23:53 - 	478.996,00 
2015-12-10 16:23:53 - 	END LINE
2015-12-10 16:23:53 - 	Rio de Janeiro
2015-12-10 16:23:53 - 	Março
2015-12-10 16:23:53 - 	5.552,00 
2015-12-10 16:23:53 - 	END LINE
2015-12-10 16:23:53 - 	Fortaleza
2015-12-10 16:23:53 - 	Março
2015-12-10 16:23:53 - 	253.364,00 
2015-12-10 16:23:53 - 	END LINE
2015-12-10 16:23:53 - 	Goiânia
2015-12-10 16:23:53 - 	Março
2015-12-10 16:23:53 - 	2.512,00 
2015-12-10 16:23:53 - 	END LINE
2015-12-10 16:23:53 - 	Belo Horizonte
2015-12-10 16:23:53 - 	Março
2015-12-10 16:23:53 - 	2.455.586,00 
2015-12-10 16:23:53 - 	END LINE
2015-12-10 16:23:53 - 	Salvador
2015-12-10 16:23:53 - 	Março
2015-12-10 16:23:53 - 	25.553,00 
2015-12-10 16:23:53 - 	END LINE
2015-12-10 16:23:53 - 	Brasilia
2015-12-10 16:23:53 - 	Março
2015-12-10 16:23:53 - 	28.522,00 
2015-12-10 16:23:53 - 	END LINE
2015-12-10 16:23:53 - 	SUCESS
2015-12-10 16:23:53 - END shouldReadATextAndSeparatesItByADelimiter
2015-12-10 16:23:53 - ENTER parseToEntity
2015-12-10 16:23:53 - EXIT parseToEntity
2015-12-10 16:39:46 - ENTER shouldReadATextAndFindItsHeadersAndDomain
2015-12-10 16:39:46 - ENTER parseToEntity
2015-12-10 16:39:46 - EXIT parseToEntity
2015-12-10 16:39:46 - 	São Paulo
2015-12-10 16:39:46 - 		br.com.drivesales.domain.MonthPeriod@43996c2a
2015-12-10 16:39:46 - 		14558.00
2015-12-10 16:39:46 - 	Rio de Janeiro
2015-12-10 16:39:46 - 		br.com.drivesales.domain.MonthPeriod@64f0d946
2015-12-10 16:39:46 - 		125635.00
2015-12-10 16:39:46 - 	Fortaleza
2015-12-10 16:39:46 - 		br.com.drivesales.domain.MonthPeriod@48b670
2015-12-10 16:39:46 - 		8596.00
2015-12-10 16:39:46 - 	Goiânia
2015-12-10 16:39:46 - 		br.com.drivesales.domain.MonthPeriod@25c17335
2015-12-10 16:39:46 - 		6565.00
2015-12-10 16:39:46 - 	Belo Horizonte
2015-12-10 16:39:46 - 		br.com.drivesales.domain.MonthPeriod@3f72aff0
2015-12-10 16:39:46 - 		8547.00
2015-12-10 16:39:46 - 	Salvador
2015-12-10 16:39:46 - 		br.com.drivesales.domain.MonthPeriod@27cd61b
2015-12-10 16:39:46 - 		745.00
2015-12-10 16:39:46 - 	Brasilia
2015-12-10 16:39:46 - 		br.com.drivesales.domain.MonthPeriod@51cc87e3
2015-12-10 16:39:46 - 		23.00
2015-12-10 16:39:46 - 	São Paulo
2015-12-10 16:39:46 - 		br.com.drivesales.domain.MonthPeriod@4aed7209
2015-12-10 16:39:46 - 		85744.00
2015-12-10 16:39:46 - 	Rio de Janeiro
2015-12-10 16:39:46 - 		br.com.drivesales.domain.MonthPeriod@2ad9d34d
2015-12-10 16:39:46 - 		5255.00
2015-12-10 16:39:46 - 	Fortaleza
2015-12-10 16:39:46 - 		br.com.drivesales.domain.MonthPeriod@42bf7a35
2015-12-10 16:39:46 - 		858854.00
2015-12-10 16:39:46 - 	Goiânia
2015-12-10 16:39:46 - 		br.com.drivesales.domain.MonthPeriod@28f04fcf
2015-12-10 16:39:46 - 		6366.00
2015-12-10 16:39:46 - 	Belo Horizonte
2015-12-10 16:39:46 - 		br.com.drivesales.domain.MonthPeriod@3907b408
2015-12-10 16:39:46 - 		2521.00
2015-12-10 16:39:46 - 	Salvador
2015-12-10 16:39:46 - 		br.com.drivesales.domain.MonthPeriod@28bc9678
2015-12-10 16:39:46 - 		88963.00
2015-12-10 16:39:46 - 	Brasilia
2015-12-10 16:39:46 - 		br.com.drivesales.domain.MonthPeriod@753ab52c
2015-12-10 16:39:46 - 		415854.00
2015-12-10 16:39:46 - 	São Paulo
2015-12-10 16:39:46 - 		br.com.drivesales.domain.MonthPeriod@614c97d4
2015-12-10 16:39:46 - 		478996.00
2015-12-10 16:39:46 - 	Rio de Janeiro
2015-12-10 16:39:46 - 		br.com.drivesales.domain.MonthPeriod@6b841133
2015-12-10 16:39:46 - 		5552.00
2015-12-10 16:39:46 - 	Fortaleza
2015-12-10 16:39:46 - 		br.com.drivesales.domain.MonthPeriod@2b85626a
2015-12-10 16:39:46 - 		253364.00
2015-12-10 16:39:46 - 	Goiânia
2015-12-10 16:39:46 - 		br.com.drivesales.domain.MonthPeriod@42003378
2015-12-10 16:39:46 - 		2512.00
2015-12-10 16:39:46 - 	Belo Horizonte
2015-12-10 16:39:46 - 		br.com.drivesales.domain.MonthPeriod@1b332d22
2015-12-10 16:39:46 - 		2455586.00
2015-12-10 16:39:46 - 	Salvador
2015-12-10 16:39:46 - 		br.com.drivesales.domain.MonthPeriod@3cd82121
2015-12-10 16:39:46 - 		25553.00
2015-12-10 16:39:46 - 	Brasilia
2015-12-10 16:39:46 - 		br.com.drivesales.domain.MonthPeriod@11671cbc
2015-12-10 16:39:46 - 		28522.00
2015-12-10 16:39:46 - 	SUCESS
2015-12-10 16:39:46 - END shouldReadATextAndFindItsHeadersAndDomain
2015-12-10 16:40:58 - ENTER shouldReadATextAndFindItsHeadersAndDomain
2015-12-10 16:40:58 - ENTER parseToEntity
2015-12-10 16:40:58 - EXIT parseToEntity
2015-12-10 16:40:58 - 	São Paulo
2015-12-10 16:40:58 - 		Thu Jan 01 00:00:00 BRST 2015|Sat Jan 31 00:00:00 BRST 2015
2015-12-10 16:40:58 - 		14558.00
2015-12-10 16:40:58 - 	Rio de Janeiro
2015-12-10 16:40:58 - 		Thu Jan 01 00:00:00 BRST 2015|Sat Jan 31 00:00:00 BRST 2015
2015-12-10 16:40:58 - 		125635.00
2015-12-10 16:40:58 - 	Fortaleza
2015-12-10 16:40:58 - 		Thu Jan 01 00:00:00 BRST 2015|Sat Jan 31 00:00:00 BRST 2015
2015-12-10 16:40:58 - 		8596.00
2015-12-10 16:40:58 - 	Goiânia
2015-12-10 16:40:58 - 		Thu Jan 01 00:00:00 BRST 2015|Sat Jan 31 00:00:00 BRST 2015
2015-12-10 16:40:58 - 		6565.00
2015-12-10 16:40:58 - 	Belo Horizonte
2015-12-10 16:40:58 - 		Thu Jan 01 00:00:00 BRST 2015|Sat Jan 31 00:00:00 BRST 2015
2015-12-10 16:40:58 - 		8547.00
2015-12-10 16:40:58 - 	Salvador
2015-12-10 16:40:58 - 		Thu Jan 01 00:00:00 BRST 2015|Sat Jan 31 00:00:00 BRST 2015
2015-12-10 16:40:58 - 		745.00
2015-12-10 16:40:58 - 	Brasilia
2015-12-10 16:40:58 - 		Thu Jan 01 00:00:00 BRST 2015|Sat Jan 31 00:00:00 BRST 2015
2015-12-10 16:40:58 - 		23.00
2015-12-10 16:40:58 - 	São Paulo
2015-12-10 16:40:58 - 		Sun Feb 01 00:00:00 BRST 2015|Sat Feb 28 00:00:00 BRT 2015
2015-12-10 16:40:58 - 		85744.00
2015-12-10 16:40:58 - 	Rio de Janeiro
2015-12-10 16:40:58 - 		Sun Feb 01 00:00:00 BRST 2015|Sat Feb 28 00:00:00 BRT 2015
2015-12-10 16:40:58 - 		5255.00
2015-12-10 16:40:58 - 	Fortaleza
2015-12-10 16:40:58 - 		Sun Feb 01 00:00:00 BRST 2015|Sat Feb 28 00:00:00 BRT 2015
2015-12-10 16:40:58 - 		858854.00
2015-12-10 16:40:58 - 	Goiânia
2015-12-10 16:40:58 - 		Sun Feb 01 00:00:00 BRST 2015|Sat Feb 28 00:00:00 BRT 2015
2015-12-10 16:40:58 - 		6366.00
2015-12-10 16:40:58 - 	Belo Horizonte
2015-12-10 16:40:58 - 		Sun Feb 01 00:00:00 BRST 2015|Sat Feb 28 00:00:00 BRT 2015
2015-12-10 16:40:58 - 		2521.00
2015-12-10 16:40:58 - 	Salvador
2015-12-10 16:40:58 - 		Sun Feb 01 00:00:00 BRST 2015|Sat Feb 28 00:00:00 BRT 2015
2015-12-10 16:40:58 - 		88963.00
2015-12-10 16:40:58 - 	Brasilia
2015-12-10 16:40:58 - 		Sun Feb 01 00:00:00 BRST 2015|Sat Feb 28 00:00:00 BRT 2015
2015-12-10 16:40:58 - 		415854.00
2015-12-10 16:40:58 - 	São Paulo
2015-12-10 16:40:58 - 		Sun Mar 01 00:00:00 BRT 2015|Tue Mar 31 00:00:00 BRT 2015
2015-12-10 16:40:58 - 		478996.00
2015-12-10 16:40:58 - 	Rio de Janeiro
2015-12-10 16:40:58 - 		Sun Mar 01 00:00:00 BRT 2015|Tue Mar 31 00:00:00 BRT 2015
2015-12-10 16:40:58 - 		5552.00
2015-12-10 16:40:58 - 	Fortaleza
2015-12-10 16:40:58 - 		Sun Mar 01 00:00:00 BRT 2015|Tue Mar 31 00:00:00 BRT 2015
2015-12-10 16:40:58 - 		253364.00
2015-12-10 16:40:58 - 	Goiânia
2015-12-10 16:40:58 - 		Sun Mar 01 00:00:00 BRT 2015|Tue Mar 31 00:00:00 BRT 2015
2015-12-10 16:40:58 - 		2512.00
2015-12-10 16:40:58 - 	Belo Horizonte
2015-12-10 16:40:58 - 		Sun Mar 01 00:00:00 BRT 2015|Tue Mar 31 00:00:00 BRT 2015
2015-12-10 16:40:58 - 		2455586.00
2015-12-10 16:40:58 - 	Salvador
2015-12-10 16:40:58 - 		Sun Mar 01 00:00:00 BRT 2015|Tue Mar 31 00:00:00 BRT 2015
2015-12-10 16:40:58 - 		25553.00
2015-12-10 16:40:58 - 	Brasilia
2015-12-10 16:40:58 - 		Sun Mar 01 00:00:00 BRT 2015|Tue Mar 31 00:00:00 BRT 2015
2015-12-10 16:40:58 - 		28522.00
2015-12-10 16:40:58 - 	SUCESS
2015-12-10 16:40:58 - END shouldReadATextAndFindItsHeadersAndDomain
2015-12-10 16:42:58 - ENTER shouldReadATextAndFindItsHeadersAndDomain
2015-12-10 16:42:58 - ENTER parseToEntity
2015-12-10 16:42:59 - EXIT parseToEntity
2015-12-10 16:42:59 - 	 Tempo total : 7980ms
2015-12-10 16:42:59 - 	São Paulo
2015-12-10 16:42:59 - 		Thu Jan 01 00:00:00 BRST 2015|Sat Jan 31 00:00:00 BRST 2015
2015-12-10 16:42:59 - 		14558.00
2015-12-10 16:42:59 - 	Rio de Janeiro
2015-12-10 16:42:59 - 		Thu Jan 01 00:00:00 BRST 2015|Sat Jan 31 00:00:00 BRST 2015
2015-12-10 16:42:59 - 		125635.00
2015-12-10 16:42:59 - 	Fortaleza
2015-12-10 16:42:59 - 		Thu Jan 01 00:00:00 BRST 2015|Sat Jan 31 00:00:00 BRST 2015
2015-12-10 16:42:59 - 		8596.00
2015-12-10 16:42:59 - 	Goiânia
2015-12-10 16:42:59 - 		Thu Jan 01 00:00:00 BRST 2015|Sat Jan 31 00:00:00 BRST 2015
2015-12-10 16:42:59 - 		6565.00
2015-12-10 16:42:59 - 	Belo Horizonte
2015-12-10 16:42:59 - 		Thu Jan 01 00:00:00 BRST 2015|Sat Jan 31 00:00:00 BRST 2015
2015-12-10 16:42:59 - 		8547.00
2015-12-10 16:42:59 - 	Salvador
2015-12-10 16:42:59 - 		Thu Jan 01 00:00:00 BRST 2015|Sat Jan 31 00:00:00 BRST 2015
2015-12-10 16:42:59 - 		745.00
2015-12-10 16:42:59 - 	Brasilia
2015-12-10 16:42:59 - 		Thu Jan 01 00:00:00 BRST 2015|Sat Jan 31 00:00:00 BRST 2015
2015-12-10 16:42:59 - 		23.00
2015-12-10 16:42:59 - 	São Paulo
2015-12-10 16:42:59 - 		Sun Feb 01 00:00:00 BRST 2015|Sat Feb 28 00:00:00 BRT 2015
2015-12-10 16:42:59 - 		85744.00
2015-12-10 16:42:59 - 	Rio de Janeiro
2015-12-10 16:42:59 - 		Sun Feb 01 00:00:00 BRST 2015|Sat Feb 28 00:00:00 BRT 2015
2015-12-10 16:42:59 - 		5255.00
2015-12-10 16:42:59 - 	Fortaleza
2015-12-10 16:42:59 - 		Sun Feb 01 00:00:00 BRST 2015|Sat Feb 28 00:00:00 BRT 2015
2015-12-10 16:42:59 - 		858854.00
2015-12-10 16:42:59 - 	Goiânia
2015-12-10 16:42:59 - 		Sun Feb 01 00:00:00 BRST 2015|Sat Feb 28 00:00:00 BRT 2015
2015-12-10 16:42:59 - 		6366.00
2015-12-10 16:42:59 - 	Belo Horizonte
2015-12-10 16:42:59 - 		Sun Feb 01 00:00:00 BRST 2015|Sat Feb 28 00:00:00 BRT 2015
2015-12-10 16:42:59 - 		2521.00
2015-12-10 16:42:59 - 	Salvador
2015-12-10 16:42:59 - 		Sun Feb 01 00:00:00 BRST 2015|Sat Feb 28 00:00:00 BRT 2015
2015-12-10 16:42:59 - 		88963.00
2015-12-10 16:42:59 - 	Brasilia
2015-12-10 16:42:59 - 		Sun Feb 01 00:00:00 BRST 2015|Sat Feb 28 00:00:00 BRT 2015
2015-12-10 16:42:59 - 		415854.00
2015-12-10 16:42:59 - 	São Paulo
2015-12-10 16:42:59 - 		Sun Mar 01 00:00:00 BRT 2015|Tue Mar 31 00:00:00 BRT 2015
2015-12-10 16:42:59 - 		478996.00
2015-12-10 16:42:59 - 	Rio de Janeiro
2015-12-10 16:42:59 - 		Sun Mar 01 00:00:00 BRT 2015|Tue Mar 31 00:00:00 BRT 2015
2015-12-10 16:42:59 - 		5552.00
2015-12-10 16:42:59 - 	Fortaleza
2015-12-10 16:42:59 - 		Sun Mar 01 00:00:00 BRT 2015|Tue Mar 31 00:00:00 BRT 2015
2015-12-10 16:42:59 - 		253364.00
2015-12-10 16:42:59 - 	Goiânia
2015-12-10 16:42:59 - 		Sun Mar 01 00:00:00 BRT 2015|Tue Mar 31 00:00:00 BRT 2015
2015-12-10 16:42:59 - 		2512.00
2015-12-10 16:42:59 - 	Belo Horizonte
2015-12-10 16:42:59 - 		Sun Mar 01 00:00:00 BRT 2015|Tue Mar 31 00:00:00 BRT 2015
2015-12-10 16:42:59 - 		2455586.00
2015-12-10 16:42:59 - 	Salvador
2015-12-10 16:42:59 - 		Sun Mar 01 00:00:00 BRT 2015|Tue Mar 31 00:00:00 BRT 2015
2015-12-10 16:42:59 - 		25553.00
2015-12-10 16:42:59 - 	Brasilia
2015-12-10 16:42:59 - 		Sun Mar 01 00:00:00 BRT 2015|Tue Mar 31 00:00:00 BRT 2015
2015-12-10 16:42:59 - 		28522.00
2015-12-10 16:42:59 - 	SUCESS
2015-12-10 16:42:59 - END shouldReadATextAndFindItsHeadersAndDomain
2015-12-10 16:43:41 - ENTER shouldReadATextAndFindItsHeadersAndDomain
2015-12-10 16:43:41 - ENTER parseToEntity
2015-12-10 16:43:41 - EXIT parseToEntity
2015-12-10 16:43:41 - 	 Tempo total : 7920ms
2015-12-10 16:43:41 - ENTER parseToEntity
2015-12-10 16:43:41 - Erro ao processar linha: 
2015-12-10 16:44:16 - ENTER shouldReadATextAndFindItsHeadersAndDomain
2015-12-10 16:44:16 - ENTER parseToEntity
2015-12-10 16:44:17 - EXIT parseToEntity
2015-12-10 16:44:17 - 	 Tempo total : 10740ms
2015-12-10 16:44:17 - ENTER parseToEntity
2015-12-10 16:44:17 - EXIT parseToEntity
2015-12-10 16:44:17 - 	 Tempo total 2 : 1020ms
2015-12-10 16:44:17 - 	São Paulo
2015-12-10 16:44:17 - 		Thu Jan 01 00:00:00 BRST 2015|Sat Jan 31 00:00:00 BRST 2015
2015-12-10 16:44:17 - 		14558.00
2015-12-10 16:44:17 - 	Rio de Janeiro
2015-12-10 16:44:17 - 		Thu Jan 01 00:00:00 BRST 2015|Sat Jan 31 00:00:00 BRST 2015
2015-12-10 16:44:17 - 		125635.00
2015-12-10 16:44:17 - 	Fortaleza
2015-12-10 16:44:17 - 		Thu Jan 01 00:00:00 BRST 2015|Sat Jan 31 00:00:00 BRST 2015
2015-12-10 16:44:17 - 		8596.00
2015-12-10 16:44:17 - 	Goiânia
2015-12-10 16:44:17 - 		Thu Jan 01 00:00:00 BRST 2015|Sat Jan 31 00:00:00 BRST 2015
2015-12-10 16:44:17 - 		6565.00
2015-12-10 16:44:17 - 	Belo Horizonte
2015-12-10 16:44:17 - 		Thu Jan 01 00:00:00 BRST 2015|Sat Jan 31 00:00:00 BRST 2015
2015-12-10 16:44:17 - 		8547.00
2015-12-10 16:44:17 - 	Salvador
2015-12-10 16:44:17 - 		Thu Jan 01 00:00:00 BRST 2015|Sat Jan 31 00:00:00 BRST 2015
2015-12-10 16:44:17 - 		745.00
2015-12-10 16:44:17 - 	Brasilia
2015-12-10 16:44:17 - 		Thu Jan 01 00:00:00 BRST 2015|Sat Jan 31 00:00:00 BRST 2015
2015-12-10 16:44:17 - 		23.00
2015-12-10 16:44:17 - 	São Paulo
2015-12-10 16:44:17 - 		Sun Feb 01 00:00:00 BRST 2015|Sat Feb 28 00:00:00 BRT 2015
2015-12-10 16:44:17 - 		85744.00
2015-12-10 16:44:17 - 	Rio de Janeiro
2015-12-10 16:44:17 - 		Sun Feb 01 00:00:00 BRST 2015|Sat Feb 28 00:00:00 BRT 2015
2015-12-10 16:44:17 - 		5255.00
2015-12-10 16:44:17 - 	Fortaleza
2015-12-10 16:44:17 - 		Sun Feb 01 00:00:00 BRST 2015|Sat Feb 28 00:00:00 BRT 2015
2015-12-10 16:44:17 - 		858854.00
2015-12-10 16:44:17 - 	Goiânia
2015-12-10 16:44:17 - 		Sun Feb 01 00:00:00 BRST 2015|Sat Feb 28 00:00:00 BRT 2015
2015-12-10 16:44:17 - 		6366.00
2015-12-10 16:44:17 - 	Belo Horizonte
2015-12-10 16:44:17 - 		Sun Feb 01 00:00:00 BRST 2015|Sat Feb 28 00:00:00 BRT 2015
2015-12-10 16:44:17 - 		2521.00
2015-12-10 16:44:17 - 	Salvador
2015-12-10 16:44:17 - 		Sun Feb 01 00:00:00 BRST 2015|Sat Feb 28 00:00:00 BRT 2015
2015-12-10 16:44:17 - 		88963.00
2015-12-10 16:44:17 - 	Brasilia
2015-12-10 16:44:17 - 		Sun Feb 01 00:00:00 BRST 2015|Sat Feb 28 00:00:00 BRT 2015
2015-12-10 16:44:17 - 		415854.00
2015-12-10 16:44:17 - 	São Paulo
2015-12-10 16:44:17 - 		Sun Mar 01 00:00:00 BRT 2015|Tue Mar 31 00:00:00 BRT 2015
2015-12-10 16:44:17 - 		478996.00
2015-12-10 16:44:17 - 	Rio de Janeiro
2015-12-10 16:44:17 - 		Sun Mar 01 00:00:00 BRT 2015|Tue Mar 31 00:00:00 BRT 2015
2015-12-10 16:44:17 - 		5552.00
2015-12-10 16:44:17 - 	Fortaleza
2015-12-10 16:44:17 - 		Sun Mar 01 00:00:00 BRT 2015|Tue Mar 31 00:00:00 BRT 2015
2015-12-10 16:44:17 - 		253364.00
2015-12-10 16:44:17 - 	Goiânia
2015-12-10 16:44:17 - 		Sun Mar 01 00:00:00 BRT 2015|Tue Mar 31 00:00:00 BRT 2015
2015-12-10 16:44:17 - 		2512.00
2015-12-10 16:44:17 - 	Belo Horizonte
2015-12-10 16:44:17 - 		Sun Mar 01 00:00:00 BRT 2015|Tue Mar 31 00:00:00 BRT 2015
2015-12-10 16:44:17 - 		2455586.00
2015-12-10 16:44:17 - 	Salvador
2015-12-10 16:44:17 - 		Sun Mar 01 00:00:00 BRT 2015|Tue Mar 31 00:00:00 BRT 2015
2015-12-10 16:44:17 - 		25553.00
2015-12-10 16:44:17 - 	Brasilia
2015-12-10 16:44:17 - 		Sun Mar 01 00:00:00 BRT 2015|Tue Mar 31 00:00:00 BRT 2015
2015-12-10 16:44:17 - 		28522.00
2015-12-10 16:44:17 - 	SUCESS
2015-12-10 16:44:17 - END shouldReadATextAndFindItsHeadersAndDomain
2015-12-10 16:45:59 - ENTER shouldReadATextAndFindItsHeadersAndDomain
2015-12-10 16:45:59 - ENTER parseToEntity
2015-12-10 16:45:59 - EXIT parseToEntity
2015-12-10 16:45:59 - 	 Tempo total : 7740ms
2015-12-10 16:45:59 - 	São Paulo
2015-12-10 16:45:59 - 		Thu Jan 01 00:00:00 BRST 2015|Sat Jan 31 00:00:00 BRST 2015
2015-12-10 16:45:59 - 		14558.00
2015-12-10 16:45:59 - 	Rio de Janeiro
2015-12-10 16:45:59 - 		Thu Jan 01 00:00:00 BRST 2015|Sat Jan 31 00:00:00 BRST 2015
2015-12-10 16:45:59 - 		125635.00
2015-12-10 16:45:59 - 	Fortaleza
2015-12-10 16:45:59 - 		Thu Jan 01 00:00:00 BRST 2015|Sat Jan 31 00:00:00 BRST 2015
2015-12-10 16:45:59 - 		8596.00
2015-12-10 16:45:59 - 	Goiânia
2015-12-10 16:45:59 - 		Thu Jan 01 00:00:00 BRST 2015|Sat Jan 31 00:00:00 BRST 2015
2015-12-10 16:45:59 - 		6565.00
2015-12-10 16:45:59 - 	Belo Horizonte
2015-12-10 16:45:59 - 		Thu Jan 01 00:00:00 BRST 2015|Sat Jan 31 00:00:00 BRST 2015
2015-12-10 16:45:59 - 		8547.00
2015-12-10 16:45:59 - 	Salvador
2015-12-10 16:45:59 - 		Thu Jan 01 00:00:00 BRST 2015|Sat Jan 31 00:00:00 BRST 2015
2015-12-10 16:45:59 - 		745.00
2015-12-10 16:45:59 - 	Brasilia
2015-12-10 16:45:59 - 		Thu Jan 01 00:00:00 BRST 2015|Sat Jan 31 00:00:00 BRST 2015
2015-12-10 16:45:59 - 		23.00
2015-12-10 16:45:59 - 	São Paulo
2015-12-10 16:45:59 - 		Sun Feb 01 00:00:00 BRST 2015|Sat Feb 28 00:00:00 BRT 2015
2015-12-10 16:45:59 - 		85744.00
2015-12-10 16:45:59 - 	Rio de Janeiro
2015-12-10 16:45:59 - 		Sun Feb 01 00:00:00 BRST 2015|Sat Feb 28 00:00:00 BRT 2015
2015-12-10 16:45:59 - 		5255.00
2015-12-10 16:45:59 - 	Fortaleza
2015-12-10 16:45:59 - 		Sun Feb 01 00:00:00 BRST 2015|Sat Feb 28 00:00:00 BRT 2015
2015-12-10 16:45:59 - 		858854.00
2015-12-10 16:45:59 - 	Goiânia
2015-12-10 16:45:59 - 		Sun Feb 01 00:00:00 BRST 2015|Sat Feb 28 00:00:00 BRT 2015
2015-12-10 16:45:59 - 		6366.00
2015-12-10 16:45:59 - 	Belo Horizonte
2015-12-10 16:45:59 - 		Sun Feb 01 00:00:00 BRST 2015|Sat Feb 28 00:00:00 BRT 2015
2015-12-10 16:45:59 - 		2521.00
2015-12-10 16:45:59 - 	Salvador
2015-12-10 16:45:59 - 		Sun Feb 01 00:00:00 BRST 2015|Sat Feb 28 00:00:00 BRT 2015
2015-12-10 16:45:59 - 		88963.00
2015-12-10 16:45:59 - 	Brasilia
2015-12-10 16:45:59 - 		Sun Feb 01 00:00:00 BRST 2015|Sat Feb 28 00:00:00 BRT 2015
2015-12-10 16:45:59 - 		415854.00
2015-12-10 16:45:59 - 	São Paulo
2015-12-10 16:45:59 - 		Sun Mar 01 00:00:00 BRT 2015|Tue Mar 31 00:00:00 BRT 2015
2015-12-10 16:45:59 - 		478996.00
2015-12-10 16:45:59 - 	Rio de Janeiro
2015-12-10 16:45:59 - 		Sun Mar 01 00:00:00 BRT 2015|Tue Mar 31 00:00:00 BRT 2015
2015-12-10 16:45:59 - 		5552.00
2015-12-10 16:45:59 - 	Fortaleza
2015-12-10 16:45:59 - 		Sun Mar 01 00:00:00 BRT 2015|Tue Mar 31 00:00:00 BRT 2015
2015-12-10 16:45:59 - 		253364.00
2015-12-10 16:45:59 - 	Goiânia
2015-12-10 16:45:59 - 		Sun Mar 01 00:00:00 BRT 2015|Tue Mar 31 00:00:00 BRT 2015
2015-12-10 16:45:59 - 		2512.00
2015-12-10 16:45:59 - 	Belo Horizonte
2015-12-10 16:45:59 - 		Sun Mar 01 00:00:00 BRT 2015|Tue Mar 31 00:00:00 BRT 2015
2015-12-10 16:45:59 - 		2455586.00
2015-12-10 16:45:59 - 	Salvador
2015-12-10 16:45:59 - 		Sun Mar 01 00:00:00 BRT 2015|Tue Mar 31 00:00:00 BRT 2015
2015-12-10 16:45:59 - 		25553.00
2015-12-10 16:45:59 - 	Brasilia
2015-12-10 16:45:59 - 		Sun Mar 01 00:00:00 BRT 2015|Tue Mar 31 00:00:00 BRT 2015
2015-12-10 16:45:59 - 		28522.00
2015-12-10 16:45:59 - 	SUCESS
2015-12-10 16:45:59 - END shouldReadATextAndFindItsHeadersAndDomain
2015-12-10 16:46:17 - ENTER shouldReadATextAndFindItsHeadersAndDomain
2015-12-10 16:46:17 - ENTER parseToEntity
2015-12-10 16:46:17 - EXIT parseToEntity
2015-12-10 16:46:17 - 	 Tempo total : 10620ms
2015-12-10 16:46:17 - 	São Paulo
2015-12-10 16:46:17 - 		Thu Jan 01 00:00:00 BRST 2015|Sat Jan 31 00:00:00 BRST 2015
2015-12-10 16:46:17 - 		14558.00
2015-12-10 16:46:17 - 	Rio de Janeiro
2015-12-10 16:46:17 - 		Thu Jan 01 00:00:00 BRST 2015|Sat Jan 31 00:00:00 BRST 2015
2015-12-10 16:46:17 - 		125635.00
2015-12-10 16:46:17 - 	Fortaleza
2015-12-10 16:46:17 - 		Thu Jan 01 00:00:00 BRST 2015|Sat Jan 31 00:00:00 BRST 2015
2015-12-10 16:46:17 - 		8596.00
2015-12-10 16:46:17 - 	Goiânia
2015-12-10 16:46:17 - 		Thu Jan 01 00:00:00 BRST 2015|Sat Jan 31 00:00:00 BRST 2015
2015-12-10 16:46:17 - 		6565.00
2015-12-10 16:46:17 - 	Belo Horizonte
2015-12-10 16:46:17 - 		Thu Jan 01 00:00:00 BRST 2015|Sat Jan 31 00:00:00 BRST 2015
2015-12-10 16:46:17 - 		8547.00
2015-12-10 16:46:17 - 	Salvador
2015-12-10 16:46:17 - 		Thu Jan 01 00:00:00 BRST 2015|Sat Jan 31 00:00:00 BRST 2015
2015-12-10 16:46:17 - 		745.00
2015-12-10 16:46:17 - 	Brasilia
2015-12-10 16:46:17 - 		Thu Jan 01 00:00:00 BRST 2015|Sat Jan 31 00:00:00 BRST 2015
2015-12-10 16:46:17 - 		23.00
2015-12-10 16:46:17 - 	São Paulo
2015-12-10 16:46:17 - 		Sun Feb 01 00:00:00 BRST 2015|Sat Feb 28 00:00:00 BRT 2015
2015-12-10 16:46:17 - 		85744.00
2015-12-10 16:46:17 - 	Rio de Janeiro
2015-12-10 16:46:17 - 		Sun Feb 01 00:00:00 BRST 2015|Sat Feb 28 00:00:00 BRT 2015
2015-12-10 16:46:17 - 		5255.00
2015-12-10 16:46:17 - 	Fortaleza
2015-12-10 16:46:17 - 		Sun Feb 01 00:00:00 BRST 2015|Sat Feb 28 00:00:00 BRT 2015
2015-12-10 16:46:17 - 		858854.00
2015-12-10 16:46:17 - 	Goiânia
2015-12-10 16:46:17 - 		Sun Feb 01 00:00:00 BRST 2015|Sat Feb 28 00:00:00 BRT 2015
2015-12-10 16:46:17 - 		6366.00
2015-12-10 16:46:17 - 	Belo Horizonte
2015-12-10 16:46:17 - 		Sun Feb 01 00:00:00 BRST 2015|Sat Feb 28 00:00:00 BRT 2015
2015-12-10 16:46:17 - 		2521.00
2015-12-10 16:46:17 - 	Salvador
2015-12-10 16:46:17 - 		Sun Feb 01 00:00:00 BRST 2015|Sat Feb 28 00:00:00 BRT 2015
2015-12-10 16:46:17 - 		88963.00
2015-12-10 16:46:17 - 	Brasilia
2015-12-10 16:46:17 - 		Sun Feb 01 00:00:00 BRST 2015|Sat Feb 28 00:00:00 BRT 2015
2015-12-10 16:46:17 - 		415854.00
2015-12-10 16:46:17 - 	São Paulo
2015-12-10 16:46:17 - 		Sun Mar 01 00:00:00 BRT 2015|Tue Mar 31 00:00:00 BRT 2015
2015-12-10 16:46:17 - 		478996.00
2015-12-10 16:46:17 - 	Rio de Janeiro
2015-12-10 16:46:17 - 		Sun Mar 01 00:00:00 BRT 2015|Tue Mar 31 00:00:00 BRT 2015
2015-12-10 16:46:17 - 		5552.00
2015-12-10 16:46:17 - 	Fortaleza
2015-12-10 16:46:17 - 		Sun Mar 01 00:00:00 BRT 2015|Tue Mar 31 00:00:00 BRT 2015
2015-12-10 16:46:17 - 		253364.00
2015-12-10 16:46:17 - 	Goiânia
2015-12-10 16:46:17 - 		Sun Mar 01 00:00:00 BRT 2015|Tue Mar 31 00:00:00 BRT 2015
2015-12-10 16:46:17 - 		2512.00
2015-12-10 16:46:17 - 	Belo Horizonte
2015-12-10 16:46:17 - 		Sun Mar 01 00:00:00 BRT 2015|Tue Mar 31 00:00:00 BRT 2015
2015-12-10 16:46:17 - 		2455586.00
2015-12-10 16:46:17 - 	Salvador
2015-12-10 16:46:17 - 		Sun Mar 01 00:00:00 BRT 2015|Tue Mar 31 00:00:00 BRT 2015
2015-12-10 16:46:17 - 		25553.00
2015-12-10 16:46:17 - 	Brasilia
2015-12-10 16:46:17 - 		Sun Mar 01 00:00:00 BRT 2015|Tue Mar 31 00:00:00 BRT 2015
2015-12-10 16:46:17 - 		28522.00
2015-12-10 16:46:17 - 	SUCESS
2015-12-10 16:46:17 - END shouldReadATextAndFindItsHeadersAndDomain
2015-12-10 16:46:52 - ENTER shouldReadATextAndFindItsHeadersAndDomain
2015-12-10 16:46:52 - ENTER parseToEntity
2015-12-10 16:46:52 - EXIT parseToEntity
2015-12-10 16:46:52 - 	 Tempo total : 11040ms
2015-12-10 16:46:52 - 	São Paulo
2015-12-10 16:46:52 - 		Thu Jan 01 00:00:00 BRST 2015|Sat Jan 31 00:00:00 BRST 2015
2015-12-10 16:46:52 - 		14558.00
2015-12-10 16:46:52 - 	Rio de Janeiro
2015-12-10 16:46:52 - 		Thu Jan 01 00:00:00 BRST 2015|Sat Jan 31 00:00:00 BRST 2015
2015-12-10 16:46:52 - 		125635.00
2015-12-10 16:46:52 - 	Fortaleza
2015-12-10 16:46:52 - 		Thu Jan 01 00:00:00 BRST 2015|Sat Jan 31 00:00:00 BRST 2015
2015-12-10 16:46:52 - 		8596.00
2015-12-10 16:46:52 - 	Goiânia
2015-12-10 16:46:52 - 		Thu Jan 01 00:00:00 BRST 2015|Sat Jan 31 00:00:00 BRST 2015
2015-12-10 16:46:52 - 		6565.00
2015-12-10 16:46:52 - 	Belo Horizonte
2015-12-10 16:46:52 - 		Thu Jan 01 00:00:00 BRST 2015|Sat Jan 31 00:00:00 BRST 2015
2015-12-10 16:46:52 - 		8547.00
2015-12-10 16:46:52 - 	Salvador
2015-12-10 16:46:52 - 		Thu Jan 01 00:00:00 BRST 2015|Sat Jan 31 00:00:00 BRST 2015
2015-12-10 16:46:52 - 		745.00
2015-12-10 16:46:52 - 	Brasilia
2015-12-10 16:46:52 - 		Thu Jan 01 00:00:00 BRST 2015|Sat Jan 31 00:00:00 BRST 2015
2015-12-10 16:46:52 - 		23.00
2015-12-10 16:46:52 - 	São Paulo
2015-12-10 16:46:52 - 		Sun Feb 01 00:00:00 BRST 2015|Sat Feb 28 00:00:00 BRT 2015
2015-12-10 16:46:52 - 		85744.00
2015-12-10 16:46:52 - 	Rio de Janeiro
2015-12-10 16:46:52 - 		Sun Feb 01 00:00:00 BRST 2015|Sat Feb 28 00:00:00 BRT 2015
2015-12-10 16:46:52 - 		5255.00
2015-12-10 16:46:52 - 	Fortaleza
2015-12-10 16:46:52 - 		Sun Feb 01 00:00:00 BRST 2015|Sat Feb 28 00:00:00 BRT 2015
2015-12-10 16:46:52 - 		858854.00
2015-12-10 16:46:52 - 	Goiânia
2015-12-10 16:46:52 - 		Sun Feb 01 00:00:00 BRST 2015|Sat Feb 28 00:00:00 BRT 2015
2015-12-10 16:46:52 - 		6366.00
2015-12-10 16:46:52 - 	Belo Horizonte
2015-12-10 16:46:52 - 		Sun Feb 01 00:00:00 BRST 2015|Sat Feb 28 00:00:00 BRT 2015
2015-12-10 16:46:52 - 		2521.00
2015-12-10 16:46:52 - 	Salvador
2015-12-10 16:46:52 - 		Sun Feb 01 00:00:00 BRST 2015|Sat Feb 28 00:00:00 BRT 2015
2015-12-10 16:46:52 - 		88963.00
2015-12-10 16:46:52 - 	Brasilia
2015-12-10 16:46:52 - 		Sun Feb 01 00:00:00 BRST 2015|Sat Feb 28 00:00:00 BRT 2015
2015-12-10 16:46:52 - 		415854.00
2015-12-10 16:46:52 - 	São Paulo
2015-12-10 16:46:52 - 		Sun Mar 01 00:00:00 BRT 2015|Tue Mar 31 00:00:00 BRT 2015
2015-12-10 16:46:52 - 		478996.00
2015-12-10 16:46:52 - 	Rio de Janeiro
2015-12-10 16:46:52 - 		Sun Mar 01 00:00:00 BRT 2015|Tue Mar 31 00:00:00 BRT 2015
2015-12-10 16:46:52 - 		5552.00
2015-12-10 16:46:52 - 	Fortaleza
2015-12-10 16:46:52 - 		Sun Mar 01 00:00:00 BRT 2015|Tue Mar 31 00:00:00 BRT 2015
2015-12-10 16:46:52 - 		253364.00
2015-12-10 16:46:52 - 	Goiânia
2015-12-10 16:46:52 - 		Sun Mar 01 00:00:00 BRT 2015|Tue Mar 31 00:00:00 BRT 2015
2015-12-10 16:46:52 - 		2512.00
2015-12-10 16:46:52 - 	Belo Horizonte
2015-12-10 16:46:52 - 		Sun Mar 01 00:00:00 BRT 2015|Tue Mar 31 00:00:00 BRT 2015
2015-12-10 16:46:52 - 		2455586.00
2015-12-10 16:46:52 - 	Salvador
2015-12-10 16:46:52 - 		Sun Mar 01 00:00:00 BRT 2015|Tue Mar 31 00:00:00 BRT 2015
2015-12-10 16:46:52 - 		25553.00
2015-12-10 16:46:52 - 	Brasilia
2015-12-10 16:46:52 - 		Sun Mar 01 00:00:00 BRT 2015|Tue Mar 31 00:00:00 BRT 2015
2015-12-10 16:46:52 - 		28522.00
2015-12-10 16:46:52 - 	SUCESS
2015-12-10 16:46:52 - END shouldReadATextAndFindItsHeadersAndDomain
2015-12-10 16:47:42 - ENTER shouldReadATextAndFindItsHeadersAndDomain
2015-12-10 16:47:42 - ENTER parseToEntity
2015-12-10 16:47:42 - EXIT parseToEntity
2015-12-10 16:47:42 - 	 Tempo total : 134ms
2015-12-10 16:47:42 - 	São Paulo
2015-12-10 16:47:42 - 		Thu Jan 01 00:00:00 BRST 2015|Sat Jan 31 00:00:00 BRST 2015
2015-12-10 16:47:42 - 		14558.00
2015-12-10 16:47:42 - 	Rio de Janeiro
2015-12-10 16:47:42 - 		Thu Jan 01 00:00:00 BRST 2015|Sat Jan 31 00:00:00 BRST 2015
2015-12-10 16:47:42 - 		125635.00
2015-12-10 16:47:42 - 	Fortaleza
2015-12-10 16:47:42 - 		Thu Jan 01 00:00:00 BRST 2015|Sat Jan 31 00:00:00 BRST 2015
2015-12-10 16:47:42 - 		8596.00
2015-12-10 16:47:42 - 	Goiânia
2015-12-10 16:47:42 - 		Thu Jan 01 00:00:00 BRST 2015|Sat Jan 31 00:00:00 BRST 2015
2015-12-10 16:47:42 - 		6565.00
2015-12-10 16:47:42 - 	Belo Horizonte
2015-12-10 16:47:42 - 		Thu Jan 01 00:00:00 BRST 2015|Sat Jan 31 00:00:00 BRST 2015
2015-12-10 16:47:42 - 		8547.00
2015-12-10 16:47:42 - 	Salvador
2015-12-10 16:47:42 - 		Thu Jan 01 00:00:00 BRST 2015|Sat Jan 31 00:00:00 BRST 2015
2015-12-10 16:47:42 - 		745.00
2015-12-10 16:47:42 - 	Brasilia
2015-12-10 16:47:42 - 		Thu Jan 01 00:00:00 BRST 2015|Sat Jan 31 00:00:00 BRST 2015
2015-12-10 16:47:42 - 		23.00
2015-12-10 16:47:42 - 	São Paulo
2015-12-10 16:47:42 - 		Sun Feb 01 00:00:00 BRST 2015|Sat Feb 28 00:00:00 BRT 2015
2015-12-10 16:47:42 - 		85744.00
2015-12-10 16:47:42 - 	Rio de Janeiro
2015-12-10 16:47:42 - 		Sun Feb 01 00:00:00 BRST 2015|Sat Feb 28 00:00:00 BRT 2015
2015-12-10 16:47:42 - 		5255.00
2015-12-10 16:47:42 - 	Fortaleza
2015-12-10 16:47:42 - 		Sun Feb 01 00:00:00 BRST 2015|Sat Feb 28 00:00:00 BRT 2015
2015-12-10 16:47:42 - 		858854.00
2015-12-10 16:47:42 - 	Goiânia
2015-12-10 16:47:42 - 		Sun Feb 01 00:00:00 BRST 2015|Sat Feb 28 00:00:00 BRT 2015
2015-12-10 16:47:42 - 		6366.00
2015-12-10 16:47:42 - 	Belo Horizonte
2015-12-10 16:47:42 - 		Sun Feb 01 00:00:00 BRST 2015|Sat Feb 28 00:00:00 BRT 2015
2015-12-10 16:47:42 - 		2521.00
2015-12-10 16:47:42 - 	Salvador
2015-12-10 16:47:42 - 		Sun Feb 01 00:00:00 BRST 2015|Sat Feb 28 00:00:00 BRT 2015
2015-12-10 16:47:42 - 		88963.00
2015-12-10 16:47:42 - 	Brasilia
2015-12-10 16:47:42 - 		Sun Feb 01 00:00:00 BRST 2015|Sat Feb 28 00:00:00 BRT 2015
2015-12-10 16:47:42 - 		415854.00
2015-12-10 16:47:42 - 	São Paulo
2015-12-10 16:47:42 - 		Sun Mar 01 00:00:00 BRT 2015|Tue Mar 31 00:00:00 BRT 2015
2015-12-10 16:47:42 - 		478996.00
2015-12-10 16:47:42 - 	Rio de Janeiro
2015-12-10 16:47:42 - 		Sun Mar 01 00:00:00 BRT 2015|Tue Mar 31 00:00:00 BRT 2015
2015-12-10 16:47:42 - 		5552.00
2015-12-10 16:47:42 - 	Fortaleza
2015-12-10 16:47:42 - 		Sun Mar 01 00:00:00 BRT 2015|Tue Mar 31 00:00:00 BRT 2015
2015-12-10 16:47:42 - 		253364.00
2015-12-10 16:47:42 - 	Goiânia
2015-12-10 16:47:42 - 		Sun Mar 01 00:00:00 BRT 2015|Tue Mar 31 00:00:00 BRT 2015
2015-12-10 16:47:42 - 		2512.00
2015-12-10 16:47:42 - 	Belo Horizonte
2015-12-10 16:47:42 - 		Sun Mar 01 00:00:00 BRT 2015|Tue Mar 31 00:00:00 BRT 2015
2015-12-10 16:47:42 - 		2455586.00
2015-12-10 16:47:42 - 	Salvador
2015-12-10 16:47:42 - 		Sun Mar 01 00:00:00 BRT 2015|Tue Mar 31 00:00:00 BRT 2015
2015-12-10 16:47:42 - 		25553.00
2015-12-10 16:47:42 - 	Brasilia
2015-12-10 16:47:42 - 		Sun Mar 01 00:00:00 BRT 2015|Tue Mar 31 00:00:00 BRT 2015
2015-12-10 16:47:42 - 		28522.00
2015-12-10 16:47:42 - 	SUCESS
2015-12-10 16:47:42 - END shouldReadATextAndFindItsHeadersAndDomain
2015-12-10 16:47:59 - ENTER shouldReadATextAndFindItsHeadersAndDomain
2015-12-10 16:47:59 - ENTER parseToEntity
2015-12-10 16:47:59 - EXIT parseToEntity
2015-12-10 16:47:59 - 	 Tempo total : 166ms
2015-12-10 16:48:00 - 	São Paulo
2015-12-10 16:48:00 - 		Thu Jan 01 00:00:00 BRST 2015|Sat Jan 31 00:00:00 BRST 2015
2015-12-10 16:48:00 - 		14558.00
2015-12-10 16:48:00 - 	Rio de Janeiro
2015-12-10 16:48:00 - 		Thu Jan 01 00:00:00 BRST 2015|Sat Jan 31 00:00:00 BRST 2015
2015-12-10 16:48:00 - 		125635.00
2015-12-10 16:48:00 - 	Fortaleza
2015-12-10 16:48:00 - 		Thu Jan 01 00:00:00 BRST 2015|Sat Jan 31 00:00:00 BRST 2015
2015-12-10 16:48:00 - 		8596.00
2015-12-10 16:48:00 - 	Goiânia
2015-12-10 16:48:00 - 		Thu Jan 01 00:00:00 BRST 2015|Sat Jan 31 00:00:00 BRST 2015
2015-12-10 16:48:00 - 		6565.00
2015-12-10 16:48:00 - 	Belo Horizonte
2015-12-10 16:48:00 - 		Thu Jan 01 00:00:00 BRST 2015|Sat Jan 31 00:00:00 BRST 2015
2015-12-10 16:48:00 - 		8547.00
2015-12-10 16:48:00 - 	Salvador
2015-12-10 16:48:00 - 		Thu Jan 01 00:00:00 BRST 2015|Sat Jan 31 00:00:00 BRST 2015
2015-12-10 16:48:00 - 		745.00
2015-12-10 16:48:00 - 	Brasilia
2015-12-10 16:48:00 - 		Thu Jan 01 00:00:00 BRST 2015|Sat Jan 31 00:00:00 BRST 2015
2015-12-10 16:48:00 - 		23.00
2015-12-10 16:48:00 - 	São Paulo
2015-12-10 16:48:00 - 		Sun Feb 01 00:00:00 BRST 2015|Sat Feb 28 00:00:00 BRT 2015
2015-12-10 16:48:00 - 		85744.00
2015-12-10 16:48:00 - 	Rio de Janeiro
2015-12-10 16:48:00 - 		Sun Feb 01 00:00:00 BRST 2015|Sat Feb 28 00:00:00 BRT 2015
2015-12-10 16:48:00 - 		5255.00
2015-12-10 16:48:00 - 	Fortaleza
2015-12-10 16:48:00 - 		Sun Feb 01 00:00:00 BRST 2015|Sat Feb 28 00:00:00 BRT 2015
2015-12-10 16:48:00 - 		858854.00
2015-12-10 16:48:00 - 	Goiânia
2015-12-10 16:48:00 - 		Sun Feb 01 00:00:00 BRST 2015|Sat Feb 28 00:00:00 BRT 2015
2015-12-10 16:48:00 - 		6366.00
2015-12-10 16:48:00 - 	Belo Horizonte
2015-12-10 16:48:00 - 		Sun Feb 01 00:00:00 BRST 2015|Sat Feb 28 00:00:00 BRT 2015
2015-12-10 16:48:00 - 		2521.00
2015-12-10 16:48:00 - 	Salvador
2015-12-10 16:48:00 - 		Sun Feb 01 00:00:00 BRST 2015|Sat Feb 28 00:00:00 BRT 2015
2015-12-10 16:48:00 - 		88963.00
2015-12-10 16:48:00 - 	Brasilia
2015-12-10 16:48:00 - 		Sun Feb 01 00:00:00 BRST 2015|Sat Feb 28 00:00:00 BRT 2015
2015-12-10 16:48:00 - 		415854.00
2015-12-10 16:48:00 - 	São Paulo
2015-12-10 16:48:00 - 		Sun Mar 01 00:00:00 BRT 2015|Tue Mar 31 00:00:00 BRT 2015
2015-12-10 16:48:00 - 		478996.00
2015-12-10 16:48:00 - 	Rio de Janeiro
2015-12-10 16:48:00 - 		Sun Mar 01 00:00:00 BRT 2015|Tue Mar 31 00:00:00 BRT 2015
2015-12-10 16:48:00 - 		5552.00
2015-12-10 16:48:00 - 	Fortaleza
2015-12-10 16:48:00 - 		Sun Mar 01 00:00:00 BRT 2015|Tue Mar 31 00:00:00 BRT 2015
2015-12-10 16:48:00 - 		253364.00
2015-12-10 16:48:00 - 	Goiânia
2015-12-10 16:48:00 - 		Sun Mar 01 00:00:00 BRT 2015|Tue Mar 31 00:00:00 BRT 2015
2015-12-10 16:48:00 - 		2512.00
2015-12-10 16:48:00 - 	Belo Horizonte
2015-12-10 16:48:00 - 		Sun Mar 01 00:00:00 BRT 2015|Tue Mar 31 00:00:00 BRT 2015
2015-12-10 16:48:00 - 		2455586.00
2015-12-10 16:48:00 - 	Salvador
2015-12-10 16:48:00 - 		Sun Mar 01 00:00:00 BRT 2015|Tue Mar 31 00:00:00 BRT 2015
2015-12-10 16:48:00 - 		25553.00
2015-12-10 16:48:00 - 	Brasilia
2015-12-10 16:48:00 - 		Sun Mar 01 00:00:00 BRT 2015|Tue Mar 31 00:00:00 BRT 2015
2015-12-10 16:48:00 - 		28522.00
2015-12-10 16:48:00 - 	SUCESS
2015-12-10 16:48:00 - END shouldReadATextAndFindItsHeadersAndDomain
